-------------------------------------------------
Reporte del constructivo multiarranque
-------------------------------------------------
Nombre Caso: Example13
Numero Operadores Ocupados: 20
Numero Operadores Disponibles: 24
Tiempo transcurrido en segundos: 75.822958347
Turnos Cubiertos: 114
Turnos Instancia: 114
Factibilidad: Si
-------------------------------------------------

-------------------------------------------------
Reporte del constructivo multiarranque
-------------------------------------------------
Nombre Caso: Example14
Numero Operadores Ocupados: 13
Numero Operadores Disponibles: 13
Tiempo transcurrido en segundos: 13.560738943000004
Turnos Cubiertos: 71
Turnos Instancia: 71
Factibilidad: Si
-------------------------------------------------

