-------------------------------------------------
Reporte del constructivo multiarranque
-------------------------------------------------
Nombre Caso: Example1
Numero Operadores Ocupados: 8
Numero Operadores Disponibles: 9
Tiempo transcurrido en segundos: 2.141766557
Turnos Cubiertos: 45
Turnos Instancia: 45
Factibilidad: Si
-------------------------------------------------

-------------------------------------------------
Reporte del constructivo multiarranque
-------------------------------------------------
Nombre Caso: Example2
Numero Operadores Ocupados: 7
Numero Operadores Disponibles: 9
Tiempo transcurrido en segundos: 1.5536043620000002
Turnos Cubiertos: 42
Turnos Instancia: 42
Factibilidad: Si
-------------------------------------------------

-------------------------------------------------
Reporte del constructivo multiarranque
-------------------------------------------------
Nombre Caso: Example3
Numero Operadores Ocupados: 14
Numero Operadores Disponibles: 17
Tiempo transcurrido en segundos: 21.476759459
Turnos Cubiertos: 82
Turnos Instancia: 82
Factibilidad: Si
-------------------------------------------------

-------------------------------------------------
Reporte del constructivo multiarranque
-------------------------------------------------
Nombre Caso: Example4
Numero Operadores Ocupados: 13
Numero Operadores Disponibles: 13
Tiempo transcurrido en segundos: 10.758568970999999
Turnos Cubiertos: 65
Turnos Instancia: 65
Factibilidad: Si
-------------------------------------------------

-------------------------------------------------
Reporte del constructivo multiarranque
-------------------------------------------------
Nombre Caso: Example5
Numero Operadores Ocupados: 12
Numero Operadores Disponibles: 11
Tiempo transcurrido en segundos: 5.678413089999999
Turnos Cubiertos: 54
Turnos Instancia: 54
Factibilidad: No
-------------------------------------------------

-------------------------------------------------
Reporte del constructivo multiarranque
-------------------------------------------------
Nombre Caso: Example6
Numero Operadores Ocupados: 8
Numero Operadores Disponibles: 7
Tiempo transcurrido en segundos: 1.168229152000002
Turnos Cubiertos: 36
Turnos Instancia: 36
Factibilidad: No
-------------------------------------------------

-------------------------------------------------
Reporte del constructivo multiarranque
-------------------------------------------------
Nombre Caso: Example7
Numero Operadores Ocupados: 18
Numero Operadores Disponibles: 29
Tiempo transcurrido en segundos: 55.055861551
Turnos Cubiertos: 105
Turnos Instancia: 105
Factibilidad: Si
-------------------------------------------------

-------------------------------------------------
Reporte del constructivo multiarranque
-------------------------------------------------
Nombre Caso: Example8
Numero Operadores Ocupados: 15
Numero Operadores Disponibles: 16
Tiempo transcurrido en segundos: 15.041916651999998
Turnos Cubiertos: 71
Turnos Instancia: 71
Factibilidad: Si
-------------------------------------------------

-------------------------------------------------
Reporte del constructivo multiarranque
-------------------------------------------------
Nombre Caso: Example9
Numero Operadores Ocupados: 45
Numero Operadores Disponibles: 47
Tiempo transcurrido en segundos: 1104.434290019
Turnos Cubiertos: 213
Turnos Instancia: 213
Factibilidad: Si
-------------------------------------------------

-------------------------------------------------
Reporte del constructivo multiarranque
-------------------------------------------------
Nombre Caso: Example10
Numero Operadores Ocupados: 24
Numero Operadores Disponibles: 27
Tiempo transcurrido en segundos: 131.53176681299988
Turnos Cubiertos: 129
Turnos Instancia: 129
Factibilidad: Si
-------------------------------------------------

-------------------------------------------------
Reporte del constructivo multiarranque
-------------------------------------------------
Nombre Caso: Example11
Numero Operadores Ocupados: 25
Numero Operadores Disponibles: 30
Tiempo transcurrido en segundos: 212.6453527770002
Turnos Cubiertos: 150
Turnos Instancia: 150
Factibilidad: Si
-------------------------------------------------

