-------------------------------------------------
Reporte del constructivo multiarranque
-------------------------------------------------
Nombre Caso: Example1
Numero Operadores Ocupados: 9
Numero Operadores Disponibles: 9
Tiempo transcurrido en segundos: 0.080859236
Turnos Cubiertos: 45
Turnos Instancia: 45
Factibilidad: Si
-------------------------------------------------

-------------------------------------------------
Reporte del constructivo multiarranque
-------------------------------------------------
Nombre Caso: Example2
Numero Operadores Ocupados: 9
Numero Operadores Disponibles: 9
Tiempo transcurrido en segundos: 0.053500572999999996
Turnos Cubiertos: 42
Turnos Instancia: 42
Factibilidad: Si
-------------------------------------------------

-------------------------------------------------
Reporte del constructivo multiarranque
-------------------------------------------------
Nombre Caso: Example3
Numero Operadores Ocupados: 15
Numero Operadores Disponibles: 17
Tiempo transcurrido en segundos: 0.2977480000000001
Turnos Cubiertos: 82
Turnos Instancia: 82
Factibilidad: Si
-------------------------------------------------

-------------------------------------------------
Reporte del constructivo multiarranque
-------------------------------------------------
Nombre Caso: Example4
Numero Operadores Ocupados: 16
Numero Operadores Disponibles: 13
Tiempo transcurrido en segundos: 0.19983752499999996
Turnos Cubiertos: 65
Turnos Instancia: 65
Factibilidad: No
-------------------------------------------------

-------------------------------------------------
Reporte del constructivo multiarranque
-------------------------------------------------
Nombre Caso: Example5
Numero Operadores Ocupados: 14
Numero Operadores Disponibles: 11
Tiempo transcurrido en segundos: 0.13075117700000005
Turnos Cubiertos: 54
Turnos Instancia: 54
Factibilidad: No
-------------------------------------------------

-------------------------------------------------
Reporte del constructivo multiarranque
-------------------------------------------------
Nombre Caso: Example6
Numero Operadores Ocupados: 11
Numero Operadores Disponibles: 7
Tiempo transcurrido en segundos: 0.0423441819999999
Turnos Cubiertos: 36
Turnos Instancia: 36
Factibilidad: No
-------------------------------------------------

-------------------------------------------------
Reporte del constructivo multiarranque
-------------------------------------------------
Nombre Caso: Example7
Numero Operadores Ocupados: 20
Numero Operadores Disponibles: 29
Tiempo transcurrido en segundos: 0.5691458789999997
Turnos Cubiertos: 105
Turnos Instancia: 105
Factibilidad: Si
-------------------------------------------------

-------------------------------------------------
Reporte del constructivo multiarranque
-------------------------------------------------
Nombre Caso: Example8
Numero Operadores Ocupados: 16
Numero Operadores Disponibles: 16
Tiempo transcurrido en segundos: 0.23182179099999978
Turnos Cubiertos: 71
Turnos Instancia: 71
Factibilidad: Si
-------------------------------------------------

-------------------------------------------------
Reporte del constructivo multiarranque
-------------------------------------------------
Nombre Caso: Example9
Numero Operadores Ocupados: 49
Numero Operadores Disponibles: 47
Tiempo transcurrido en segundos: 6.3110050300000005
Turnos Cubiertos: 213
Turnos Instancia: 213
Factibilidad: No
-------------------------------------------------

-------------------------------------------------
Reporte del constructivo multiarranque
-------------------------------------------------
Nombre Caso: Example10
Numero Operadores Ocupados: 26
Numero Operadores Disponibles: 27
Tiempo transcurrido en segundos: 1.2311511910000004
Turnos Cubiertos: 129
Turnos Instancia: 129
Factibilidad: Si
-------------------------------------------------

-------------------------------------------------
Reporte del constructivo multiarranque
-------------------------------------------------
Nombre Caso: Example11
Numero Operadores Ocupados: 28
Numero Operadores Disponibles: 30
Tiempo transcurrido en segundos: 1.7476251289999993
Turnos Cubiertos: 150
Turnos Instancia: 150
Factibilidad: Si
-------------------------------------------------

-------------------------------------------------
Reporte del constructivo multiarranque
-------------------------------------------------
Nombre Caso: Example12
Numero Operadores Ocupados: 19
Numero Operadores Disponibles: 20
Tiempo transcurrido en segundos: 0.5701274109999996
Turnos Cubiertos: 104
Turnos Instancia: 104
Factibilidad: Si
-------------------------------------------------

-------------------------------------------------
Reporte del constructivo multiarranque
-------------------------------------------------
Nombre Caso: Example13
Numero Operadores Ocupados: 22
Numero Operadores Disponibles: 24
Tiempo transcurrido en segundos: 0.8386839449999997
Turnos Cubiertos: 114
Turnos Instancia: 114
Factibilidad: Si
-------------------------------------------------

-------------------------------------------------
Reporte del constructivo multiarranque
-------------------------------------------------
Nombre Caso: Example14
Numero Operadores Ocupados: 14
Numero Operadores Disponibles: 13
Tiempo transcurrido en segundos: 0.2508027370000008
Turnos Cubiertos: 71
Turnos Instancia: 71
Factibilidad: No
-------------------------------------------------

-------------------------------------------------
Reporte del constructivo multiarranque
-------------------------------------------------
Nombre Caso: Example15
Numero Operadores Ocupados: 74
Numero Operadores Disponibles: 64
Tiempo transcurrido en segundos: 30.656713597999996
Turnos Cubiertos: 360
Turnos Instancia: 360
Factibilidad: No
-------------------------------------------------

-------------------------------------------------
Reporte del constructivo multiarranque
-------------------------------------------------
Nombre Caso: Example16
Numero Operadores Ocupados: 28
Numero Operadores Disponibles: 29
Tiempo transcurrido en segundos: 1.6047566290000006
Turnos Cubiertos: 140
Turnos Instancia: 140
Factibilidad: Si
-------------------------------------------------

-------------------------------------------------
Reporte del constructivo multiarranque
-------------------------------------------------
Nombre Caso: Example17
Numero Operadores Ocupados: 29
Numero Operadores Disponibles: 33
Tiempo transcurrido en segundos: 2.0149209470000002
Turnos Cubiertos: 159
Turnos Instancia: 159
Factibilidad: Si
-------------------------------------------------

-------------------------------------------------
Reporte del constructivo multiarranque
-------------------------------------------------
Nombre Caso: Example18
Numero Operadores Ocupados: 37
Numero Operadores Disponibles: 53
Tiempo transcurrido en segundos: 4.331960814000006
Turnos Cubiertos: 210
Turnos Instancia: 210
Factibilidad: Si
-------------------------------------------------

-------------------------------------------------
Reporte del constructivo multiarranque
-------------------------------------------------
Nombre Caso: Example19
Numero Operadores Ocupados: 106
Numero Operadores Disponibles: 120
Tiempo transcurrido en segundos: 95.92134979900001
Turnos Cubiertos: 595
Turnos Instancia: 595
Factibilidad: Si
-------------------------------------------------

-------------------------------------------------
Reporte del constructivo multiarranque
-------------------------------------------------
Nombre Caso: Example20
Numero Operadores Ocupados: 158
Numero Operadores Disponibles: 163
Tiempo transcurrido en segundos: 325.158722642
Turnos Cubiertos: 867
Turnos Instancia: 867
Factibilidad: Si
-------------------------------------------------

